jbboss/build/outputs/logs/manifest-merger-debug-report.txt
-- Merging decision tree log ---
manifest
ADDED from src\main\AndroidManifest.xml:2:1-301:12
	package
		ADDED from src\main\AndroidManifest.xml:3:5-33
		INJECTED from src\main\AndroidManifest.xml
		INJECTED from src\main\AndroidManifest.xml
	android:versionName
		ADDED from src\main\AndroidManifest.xml:6:5-37
		INJECTED from src\main\AndroidManifest.xml
		INJECTED from src\main\AndroidManifest.xml
	android:versionCode
		ADDED from src\main\AndroidManifest.xml:5:5-28
		INJECTED from src\main\AndroidManifest.xml
		INJECTED from src\main\AndroidManifest.xml
	xmlns:android
		ADDED from src\main\AndroidManifest.xml:2:11-69
	android:installLocation
		ADDED from src\main\AndroidManifest.xml:4:5-35
uses-permission#android.permission.INTERNET
ADDED from src\main\AndroidManifest.xml:8:5-67
	android:name
		ADDED from src\main\AndroidManifest.xml:8:22-64
uses-permission#android.permission.WRITE_EXTERNAL_STORAGE
ADDED from src\main\AndroidManifest.xml:9:5-81
	android:name
		ADDED from src\main\AndroidManifest.xml:9:22-78
uses-permission#android.permission.MOUNT_UNMOUNT_FILESYSTEMS
ADDED from src\main\AndroidManifest.xml:10:5-84
	android:name
		ADDED from src\main\AndroidManifest.xml:10:22-81
uses-permission#android.permission.CAMERA
ADDED from src\main\AndroidManifest.xml:11:5-65
	android:name
		ADDED from src\main\AndroidManifest.xml:11:22-62
uses-permission#android.permission.VIBRATE
ADDED from src\main\AndroidManifest.xml:12:5-66
	android:name
		ADDED from src\main\AndroidManifest.xml:12:22-63
uses-permission#android.permission.FLASHLIGHT
ADDED from src\main\AndroidManifest.xml:13:5-69
	android:name
		ADDED from src\main\AndroidManifest.xml:13:22-66
uses-permission#android.permission.READ_PHONE_STATE
ADDED from src\main\AndroidManifest.xml:14:5-75
	android:name
		ADDED from src\main\AndroidManifest.xml:14:22-72
uses-permission#android.permission.READ_EXTERNAL_STORAGE
ADDED from src\main\AndroidManifest.xml:15:5-80
	android:name
		ADDED from src\main\AndroidManifest.xml:15:22-77
application
ADDED from src\main\AndroidManifest.xml:17:5-299:19
MERGED from [MainSpace:hsOA:unspecified] AndroidManifest.xml:11:5-16:19
MERGED from [MainSpace:hsFramework:unspecified] AndroidManifest.xml:11:5-15:19
MERGED from [MainSpace:photoView:unspecified] AndroidManifest.xml:11:5-55
MERGED from [MainSpace:hsUtils:unspecified] AndroidManifest.xml:11:5-16:19
	android:label
		ADDED from src\main\AndroidManifest.xml:21:9-41
	android:hardwareAccelerated
		ADDED from [MainSpace:photoView:unspecified] AndroidManifest.xml:11:18-52
	android:allowBackup
		ADDED from src\main\AndroidManifest.xml:19:9-35
	android:icon
		ADDED from src\main\AndroidManifest.xml:20:9-45
	android:theme
		ADDED from src\main\AndroidManifest.xml:22:9-40
	android:name
		ADDED from src\main\AndroidManifest.xml:18:9-55
activity#com.hungsum.jbboss.ui.activities.Activity_Welcome
ADDED from src\main\AndroidManifest.xml:28:9-36:20
	android:screenOrientation
		ADDED from src\main\AndroidManifest.xml:30:13-49
	android:name
		ADDED from src\main\AndroidManifest.xml:29:13-59
intent-filter#android.intent.action.MAIN+android.intent.category.LAUNCHER
ADDED from src\main\AndroidManifest.xml:31:13-35:29
action#android.intent.action.MAIN
ADDED from src\main\AndroidManifest.xml:32:17-69
	android:name
		ADDED from src\main\AndroidManifest.xml:32:25-66
category#android.intent.category.LAUNCHER
ADDED from src\main\AndroidManifest.xml:34:17-77
	android:name
		ADDED from src\main\AndroidManifest.xml:34:27-74
activity#com.hungsum.jbboss.ui.activities.Activity_Login
ADDED from src\main\AndroidManifest.xml:39:9-48:20
	android:screenOrientation
		ADDED from src\main\AndroidManifest.xml:41:13-49
	android:name
		ADDED from src\main\AndroidManifest.xml:40:13-57
intent-filter#android.intent.category.DEFAULT+com.hungsum.framework.intent.action.LOGIN+com.hungsum.jbboss
ADDED from src\main\AndroidManifest.xml:42:13-47:29
action#com.hungsum.framework.intent.action.LOGIN
ADDED from src\main\AndroidManifest.xml:43:17-91
	android:name
		ADDED from src\main\AndroidManifest.xml:43:25-81
category#com.hungsum.jbboss
ADDED from src\main\AndroidManifest.xml:45:17-72
	android:name
		ADDED from src\main\AndroidManifest.xml:45:27-60
category#android.intent.category.DEFAULT
ADDED from src\main\AndroidManifest.xml:46:17-85
	android:name
		ADDED from src\main\AndroidManifest.xml:46:27-73
activity#com.hungsum.jbboss.ui.activities.Activity_Jbboss_Main
ADDED from src\main\AndroidManifest.xml:51:9-60:20
	android:screenOrientation
		ADDED from src\main\AndroidManifest.xml:53:13-49
	android:name
		ADDED from src\main\AndroidManifest.xml:52:13-63
intent-filter#android.intent.category.DEFAULT+com.hungsum.framework.intent.action.MAIN+com.hungsum.jbboss
ADDED from src\main\AndroidManifest.xml:54:13-59:29
action#com.hungsum.framework.intent.action.MAIN
ADDED from src\main\AndroidManifest.xml:55:17-90
	android:name
		ADDED from src\main\AndroidManifest.xml:55:25-80
activity#com.hungsum.framework.ui.activities.HsActivity_QueryCondition
ADDED from src\main\AndroidManifest.xml:63:9-72:20
	android:screenOrientation
		ADDED from src\main\AndroidManifest.xml:65:13-49
	android:name
		ADDED from src\main\AndroidManifest.xml:64:13-89
intent-filter#android.intent.category.DEFAULT+com.hungsum.framework.intent.action.QUERYCONDITION+com.hungsum.jbboss
ADDED from src\main\AndroidManifest.xml:66:13-71:29
action#com.hungsum.framework.intent.action.QUERYCONDITION
ADDED from src\main\AndroidManifest.xml:67:17-93
	android:name
		ADDED from src\main\AndroidManifest.xml:67:25-90
activity#com.hungsum.framework.ui.activities.HsActivity_QueryResult
ADDED from src\main\AndroidManifest.xml:75:9-77:61
	android:screenOrientation
		ADDED from src\main\AndroidManifest.xml:77:13-49
	android:name
		ADDED from src\main\AndroidManifest.xml:76:13-86
activity#com.hungsum.framework.ui.activities.HsActivity_Config
ADDED from src\main\AndroidManifest.xml:80:9-82:61
	android:screenOrientation
		ADDED from src\main\AndroidManifest.xml:82:13-49
	android:name
		ADDED from src\main\AndroidManifest.xml:81:13-81
activity#com.hungsum.framework.ui.activities.HsActivity_ChangePassword
ADDED from src\main\AndroidManifest.xml:85:9-87:61
	android:screenOrientation
		ADDED from src\main\AndroidManifest.xml:87:13-49
	android:name
		ADDED from src\main\AndroidManifest.xml:86:13-89
activity#org.achartengine.GraphicalActivity
ADDED from src\main\AndroidManifest.xml:89:9-71
	android:name
		ADDED from src\main\AndroidManifest.xml:89:19-68
activity#com.hungsum.framework.ui.activities.HsActivity_Grid_HsBitmap
ADDED from src\main\AndroidManifest.xml:92:9-94:61
	android:screenOrientation
		ADDED from src\main\AndroidManifest.xml:94:13-49
	android:name
		ADDED from src\main\AndroidManifest.xml:93:13-88
activity#com.hungsum.framework.ui.activities.HsActivity_ShowImages
ADDED from src\main\AndroidManifest.xml:96:9-98:61
	android:screenOrientation
		ADDED from src\main\AndroidManifest.xml:98:13-49
	android:name
		ADDED from src\main\AndroidManifest.xml:97:13-85
activity#com.hungsum.framework.zxing.activity.MipcaActivityCapture
ADDED from src\main\AndroidManifest.xml:100:9-104:72
	android:screenOrientation
		ADDED from src\main\AndroidManifest.xml:103:13-49
	android:windowSoftInputMode
		ADDED from src\main\AndroidManifest.xml:104:13-60
	android:configChanges
		ADDED from src\main\AndroidManifest.xml:102:13-63
	android:name
		ADDED from src\main\AndroidManifest.xml:101:13-85
activity#com.hungsum.oa.ui.activities.rygl.HsActivity_List_HsRyda
ADDED from src\main\AndroidManifest.xml:116:9-118:61
	android:screenOrientation
		ADDED from src\main\AndroidManifest.xml:118:13-49
	android:name
		ADDED from src\main\AndroidManifest.xml:117:13-84
activity#com.hungsum.oa.ui.activities.rygl.HsActivity_DJ_HsRyda
ADDED from src\main\AndroidManifest.xml:119:9-121:61
	android:screenOrientation
		ADDED from src\main\AndroidManifest.xml:121:13-49
	android:name
		ADDED from src\main\AndroidManifest.xml:120:13-82
activity#com.hungsum.oa.ui.activities.rygl.HsActivity_List_HsRyldht
ADDED from src\main\AndroidManifest.xml:124:9-126:61
	android:screenOrientation
		ADDED from src\main\AndroidManifest.xml:126:13-49
	android:name
		ADDED from src\main\AndroidManifest.xml:125:13-86
activity#com.hungsum.oa.ui.activities.rygl.HsActivity_DJ_HsRyldht
ADDED from src\main\AndroidManifest.xml:127:9-129:61
	android:screenOrientation
		ADDED from src\main\AndroidManifest.xml:129:13-49
	android:name
		ADDED from src\main\AndroidManifest.xml:128:13-84
activity#com.hungsum.oa.ui.activities.rygl.HsActivity_List_HsRybmddjl
ADDED from src\main\AndroidManifest.xml:132:9-134:61
	android:screenOrientation
		ADDED from src\main\AndroidManifest.xml:134:13-49
	android:name
		ADDED from src\main\AndroidManifest.xml:133:13-88
activity#com.hungsum.oa.ui.activities.rygl.HsActivity_DJ_HsRybmddjl
ADDED from src\main\AndroidManifest.xml:135:9-137:61
	android:screenOrientation
		ADDED from src\main\AndroidManifest.xml:137:13-49
	android:name
		ADDED from src\main\AndroidManifest.xml:136:13-86
activity#com.hungsum.oa.ui.activities.rygl.HsActivity_List_HsRyzwddjl
ADDED from src\main\AndroidManifest.xml:140:9-142:61
	android:screenOrientation
		ADDED from src\main\AndroidManifest.xml:142:13-49
	android:name
		ADDED from src\main\AndroidManifest.xml:141:13-88
activity#com.hungsum.oa.ui.activities.rygl.HsActivity_DJ_HsRyzwddjl
ADDED from src\main\AndroidManifest.xml:143:9-145:61
	android:screenOrientation
		ADDED from src\main\AndroidManifest.xml:145:13-49
	android:name
		ADDED from src\main\AndroidManifest.xml:144:13-86
activity#com.hungsum.oa.ui.activities.rygl.HsActivity_List_HsRyjcjl
ADDED from src\main\AndroidManifest.xml:148:9-150:61
	android:screenOrientation
		ADDED from src\main\AndroidManifest.xml:150:13-49
	android:name
		ADDED from src\main\AndroidManifest.xml:149:13-86
activity#com.hungsum.oa.ui.activities.rygl.HsActivity_DJ_HsRyjcjl
ADDED from src\main\AndroidManifest.xml:151:9-153:61
	android:screenOrientation
		ADDED from src\main\AndroidManifest.xml:153:13-49
	android:name
		ADDED from src\main\AndroidManifest.xml:152:13-84
activity#com.hungsum.oa.ui.activities.rygl.HsActivity_List_HsRyxjjl_Operation
ADDED from src\main\AndroidManifest.xml:156:9-158:61
	android:screenOrientation
		ADDED from src\main\AndroidManifest.xml:158:13-49
	android:name
		ADDED from src\main\AndroidManifest.xml:157:13-96
activity#com.hungsum.oa.ui.activities.rygl.HsActivity_List_HsRyxjjl_Confirm
ADDED from src\main\AndroidManifest.xml:159:9-161:61
	android:screenOrientation
		ADDED from src\main\AndroidManifest.xml:161:13-49
	android:name
		ADDED from src\main\AndroidManifest.xml:160:13-94
activity#com.hungsum.oa.ui.activities.rygl.HsActivity_DJ_HsRyxjjl
ADDED from src\main\AndroidManifest.xml:162:9-164:61
	android:screenOrientation
		ADDED from src\main\AndroidManifest.xml:164:13-49
	android:name
		ADDED from src\main\AndroidManifest.xml:163:13-84
activity#com.hungsum.oa.ui.activities.rygl.HsActivity_List_HsRyztbhjl
ADDED from src\main\AndroidManifest.xml:167:9-169:61
	android:screenOrientation
		ADDED from src\main\AndroidManifest.xml:169:13-49
	android:name
		ADDED from src\main\AndroidManifest.xml:168:13-88
activity#com.hungsum.oa.ui.activities.rygl.HsActivity_DJ_HsRyztbhjl
ADDED from src\main\AndroidManifest.xml:170:9-172:61
	android:screenOrientation
		ADDED from src\main\AndroidManifest.xml:172:13-49
	android:name
		ADDED from src\main\AndroidManifest.xml:171:13-86
activity#com.hungsum.oa.ui.activities.rygl.HsActivity_List_HsRysyjl
ADDED from src\main\AndroidManifest.xml:175:9-177:61
	android:screenOrientation
		ADDED from src\main\AndroidManifest.xml:177:13-49
	android:name
		ADDED from src\main\AndroidManifest.xml:176:13-86
activity#com.hungsum.oa.ui.activities.rygl.HsActivity_DJ_HsRysyjl
ADDED from src\main\AndroidManifest.xml:178:9-180:61
	android:screenOrientation
		ADDED from src\main\AndroidManifest.xml:180:13-49
	android:name
		ADDED from src\main\AndroidManifest.xml:179:13-84
activity#com.hungsum.oa.ui.activities.clgl.HsActivity_List_HsClda
ADDED from src\main\AndroidManifest.xml:186:9-188:61
	android:screenOrientation
		ADDED from src\main\AndroidManifest.xml:188:13-49
	android:name
		ADDED from src\main\AndroidManifest.xml:187:13-84
activity#com.hungsum.oa.ui.activities.clgl.HsActivity_DJ_HsClda
ADDED from src\main\AndroidManifest.xml:189:9-191:61
	android:screenOrientation
		ADDED from src\main\AndroidManifest.xml:191:13-49
	android:name
		ADDED from src\main\AndroidManifest.xml:190:13-82
activity#com.hungsum.oa.ui.activities.clgl.HsActivity_List_HsClbmddjl
ADDED from src\main\AndroidManifest.xml:194:9-196:61
	android:screenOrientation
		ADDED from src\main\AndroidManifest.xml:196:13-49
	android:name
		ADDED from src\main\AndroidManifest.xml:195:13-88
activity#com.hungsum.oa.ui.activities.clgl.HsActivity_DJ_HsClbmddjl
ADDED from src\main\AndroidManifest.xml:197:9-199:61
	android:screenOrientation
		ADDED from src\main\AndroidManifest.xml:199:13-49
	android:name
		ADDED from src\main\AndroidManifest.xml:198:13-86
activity#com.hungsum.oa.ui.activities.clgl.HsActivity_List_HsClwbjl
ADDED from src\main\AndroidManifest.xml:202:9-204:61
	android:screenOrientation
		ADDED from src\main\AndroidManifest.xml:204:13-49
	android:name
		ADDED from src\main\AndroidManifest.xml:203:13-86
activity#com.hungsum.oa.ui.activities.clgl.HsActivity_DJ_HsClwbjl
ADDED from src\main\AndroidManifest.xml:205:9-207:61
	android:screenOrientation
		ADDED from src\main\AndroidManifest.xml:207:13-49
	android:name
		ADDED from src\main\AndroidManifest.xml:206:13-84
activity#com.hungsum.oa.ui.activities.clgl.HsActivity_List_HsClbxjl
ADDED from src\main\AndroidManifest.xml:210:9-212:61
	android:screenOrientation
		ADDED from src\main\AndroidManifest.xml:212:13-49
	android:name
		ADDED from src\main\AndroidManifest.xml:211:13-86
activity#com.hungsum.oa.ui.activities.clgl.HsActivity_DJ_HsClbxjl
ADDED from src\main\AndroidManifest.xml:213:9-215:61
	android:screenOrientation
		ADDED from src\main\AndroidManifest.xml:215:13-49
	android:name
		ADDED from src\main\AndroidManifest.xml:214:13-84
activity#com.hungsum.oa.ui.activities.clgl.HsActivity_List_HsClxsjl
ADDED from src\main\AndroidManifest.xml:218:9-220:61
	android:screenOrientation
		ADDED from src\main\AndroidManifest.xml:220:13-49
	android:name
		ADDED from src\main\AndroidManifest.xml:219:13-86
activity#com.hungsum.oa.ui.activities.clgl.HsActivity_DJ_HsClxsjl
ADDED from src\main\AndroidManifest.xml:221:9-223:61
	android:screenOrientation
		ADDED from src\main\AndroidManifest.xml:223:13-49
	android:name
		ADDED from src\main\AndroidManifest.xml:222:13-84
activity#com.hungsum.oa.ui.activities.clgl.HsActivity_List_HsClztbhjl
ADDED from src\main\AndroidManifest.xml:226:9-228:61
	android:screenOrientation
		ADDED from src\main\AndroidManifest.xml:228:13-49
	android:name
		ADDED from src\main\AndroidManifest.xml:227:13-88
activity#com.hungsum.oa.ui.activities.clgl.HsActivity_DJ_HsClztbhjl
ADDED from src\main\AndroidManifest.xml:229:9-231:61
	android:screenOrientation
		ADDED from src\main\AndroidManifest.xml:231:13-49
	android:name
		ADDED from src\main\AndroidManifest.xml:230:13-86
activity#com.hungsum.oa.ui.activities.clgl.HsActivity_List_HsClsyjl
ADDED from src\main\AndroidManifest.xml:234:9-236:61
	android:screenOrientation
		ADDED from src\main\AndroidManifest.xml:236:13-49
	android:name
		ADDED from src\main\AndroidManifest.xml:235:13-86
activity#com.hungsum.oa.ui.activities.clgl.HsActivity_DJ_HsClsyjl
ADDED from src\main\AndroidManifest.xml:237:9-239:61
	android:screenOrientation
		ADDED from src\main\AndroidManifest.xml:239:13-49
	android:name
		ADDED from src\main\AndroidManifest.xml:238:13-84
activity#com.hungsum.oa.workflow.ui.activities.HsActivity_List_HsLcspjls
ADDED from src\main\AndroidManifest.xml:248:9-250:61
	android:screenOrientation
		ADDED from src\main\AndroidManifest.xml:250:13-49
	android:name
		ADDED from src\main\AndroidManifest.xml:249:13-91
activity#com.hungsum.oa.workflow.ui.activities.HsActivity_DJ_HsLcspjl
ADDED from src\main\AndroidManifest.xml:253:9-255:61
	android:screenOrientation
		ADDED from src\main\AndroidManifest.xml:255:13-49
	android:name
		ADDED from src\main\AndroidManifest.xml:254:13-88
activity#com.hungsum.oa.workflow.ui.activities.HsActivity_DJ_HsLcbz
ADDED from src\main\AndroidManifest.xml:258:9-260:61
	android:screenOrientation
		ADDED from src\main\AndroidManifest.xml:260:13-49
	android:name
		ADDED from src\main\AndroidManifest.xml:259:13-86
activity#com.hungsum.oa.workflow.ui.activities.HsActivity_List_HsUserLcdj
ADDED from src\main\AndroidManifest.xml:263:9-265:61
	android:screenOrientation
		ADDED from src\main\AndroidManifest.xml:265:13-49
	android:name
		ADDED from src\main\AndroidManifest.xml:264:13-92
activity#com.hungsum.oa.workflow.ui.activities.HsActivity_DJ_HsUserLcdj
ADDED from src\main\AndroidManifest.xml:266:9-268:61
	android:screenOrientation
		ADDED from src\main\AndroidManifest.xml:268:13-49
	android:name
		ADDED from src\main\AndroidManifest.xml:267:13-90
activity#com.hungsum.oa.workflow.ui.activities.HsActivity_List_HsFyspd
ADDED from src\main\AndroidManifest.xml:271:9-273:61
	android:screenOrientation
		ADDED from src\main\AndroidManifest.xml:273:13-49
	android:name
		ADDED from src\main\AndroidManifest.xml:272:13-89
activity#com.hungsum.oa.workflow.ui.activities.HsActivity_DJ_HsFyspd
ADDED from src\main\AndroidManifest.xml:274:9-276:61
	android:screenOrientation
		ADDED from src\main\AndroidManifest.xml:276:13-49
	android:name
		ADDED from src\main\AndroidManifest.xml:275:13-87
activity#com.hungsum.jbboss.ui.activities.Activity_List_JbKhzd
ADDED from src\main\AndroidManifest.xml:282:9-284:61
	android:screenOrientation
		ADDED from src\main\AndroidManifest.xml:284:13-49
	android:name
		ADDED from src\main\AndroidManifest.xml:283:13-63
activity#com.hungsum.jbboss.ui.activities.Activity_DJ_JbKhzd
ADDED from src\main\AndroidManifest.xml:285:9-287:61
	android:screenOrientation
		ADDED from src\main\AndroidManifest.xml:287:13-49
	android:name
		ADDED from src\main\AndroidManifest.xml:286:13-61
activity#com.hungsum.jbboss.ui.activities.Activity_List_JbSnydndj
ADDED from src\main\AndroidManifest.xml:290:9-292:61
	android:screenOrientation
		ADDED from src\main\AndroidManifest.xml:292:13-49
	android:name
		ADDED from src\main\AndroidManifest.xml:291:13-66
activity#com.hungsum.jbboss.ui.activities.Activity_DJ_JbSnydndj
ADDED from src\main\AndroidManifest.xml:293:9-295:61
	android:screenOrientation
		ADDED from src\main\AndroidManifest.xml:295:13-49
	android:name
		ADDED from src\main\AndroidManifest.xml:294:13-64
activity#com.hungsum.jbboss.ui.activities.Activity_DJ_JbSnydndjmx
ADDED from src\main\AndroidManifest.xml:296:9-298:61
	android:screenOrientation
		ADDED from src\main\AndroidManifest.xml:298:13-49
	android:name
		ADDED from src\main\AndroidManifest.xml:297:13-66
uses-sdk
INJECTED from src\main\AndroidManifest.xml reason: use-sdk injection requested
MERGED from [MainSpace:hsOA:unspecified] AndroidManifest.xml:7:5-9:41
MERGED from [MainSpace:hsFramework:unspecified] AndroidManifest.xml:7:5-9:41
MERGED from [MainSpace:photoView:unspecified] AndroidManifest.xml:7:5-9:40
MERGED from [MainSpace:viewPagerIndicator:unspecified] AndroidManifest.xml:7:5-9:41
MERGED from [MainSpace:hsUtils:unspecified] AndroidManifest.xml:7:5-9:41
	android:targetSdkVersion
		ADDED from [MainSpace:hsOA:unspecified] AndroidManifest.xml:9:9-38
	android:minSdkVersion
		INJECTED from src\main\AndroidManifest.xml
		INJECTED from src\main\AndroidManifest.xml